ERROR - 2023-11-21 14:08:14 --> Error connecting to the database: No connection could be made because the target machine actively refused it.

CRITICAL - 2023-11-21 14:08:14 --> Unable to connect to the database.
Main connection [MySQLi]: No connection could be made because the target machine actively refused it.

#0 C:\Users\alulgans\Documents\Project\tokobunga\vendor\codeigniter4\framework\system\Database\BaseConnection.php(577): CodeIgniter\Database\BaseConnection->initialize()
#1 C:\Users\alulgans\Documents\Project\tokobunga\vendor\codeigniter4\framework\system\Database\BaseBuilder.php(1455): CodeIgniter\Database\BaseConnection->query('SELECT *\nFROM `...', Array, false)
#2 C:\Users\alulgans\Documents\Project\tokobunga\vendor\codeigniter4\framework\system\Model.php(183): CodeIgniter\Database\BaseBuilder->get()
#3 C:\Users\alulgans\Documents\Project\tokobunga\vendor\codeigniter4\framework\system\BaseModel.php(584): CodeIgniter\Model->doFindAll(6, 0)
#4 C:\Users\alulgans\Documents\Project\tokobunga\App\Controllers\Home.php(19): CodeIgniter\BaseModel->findAll(6)
#5 C:\Users\alulgans\Documents\Project\tokobunga\vendor\codeigniter4\framework\system\CodeIgniter.php(832): App\Controllers\Home->index()
#6 C:\Users\alulgans\Documents\Project\tokobunga\vendor\codeigniter4\framework\system\CodeIgniter.php(419): CodeIgniter\CodeIgniter->runController(Object(App\Controllers\Home))
#7 C:\Users\alulgans\Documents\Project\tokobunga\vendor\codeigniter4\framework\system\CodeIgniter.php(326): CodeIgniter\CodeIgniter->handleRequest(NULL, Object(Config\Cache), false)
#8 C:\Users\alulgans\Documents\Project\tokobunga\public\index.php(37): CodeIgniter\CodeIgniter->run()
#9 C:\Users\alulgans\Documents\Project\tokobunga\vendor\codeigniter4\framework\system\Commands\Server\rewrite.php(43): require_once('C:\\Users\\alulga...')
#10 {main}
CRITICAL - 2023-11-21 14:27:33 --> Cannot use object of type App\Models\ProductModel as array
#0 C:\Users\alulgans\Documents\Project\tokobunga\vendor\codeigniter4\framework\system\View\View.php(210): include()
#1 C:\Users\alulgans\Documents\Project\tokobunga\vendor\codeigniter4\framework\system\View\View.php(213): CodeIgniter\View\View->CodeIgniter\View\{closure}()
#2 C:\Users\alulgans\Documents\Project\tokobunga\vendor\codeigniter4\framework\system\Common.php(1089): CodeIgniter\View\View->render('indexPage', Array, true)
#3 C:\Users\alulgans\Documents\Project\tokobunga\App\Controllers\Home.php(23): view('indexPage', Array)
#4 C:\Users\alulgans\Documents\Project\tokobunga\vendor\codeigniter4\framework\system\CodeIgniter.php(832): App\Controllers\Home->index()
#5 C:\Users\alulgans\Documents\Project\tokobunga\vendor\codeigniter4\framework\system\CodeIgniter.php(419): CodeIgniter\CodeIgniter->runController(Object(App\Controllers\Home))
#6 C:\Users\alulgans\Documents\Project\tokobunga\vendor\codeigniter4\framework\system\CodeIgniter.php(326): CodeIgniter\CodeIgniter->handleRequest(NULL, Object(Config\Cache), false)
#7 C:\Users\alulgans\Documents\Project\tokobunga\public\index.php(37): CodeIgniter\CodeIgniter->run()
#8 C:\Users\alulgans\Documents\Project\tokobunga\vendor\codeigniter4\framework\system\Commands\Server\rewrite.php(43): require_once('C:\\Users\\alulga...')
#9 {main}
CRITICAL - 2023-11-21 14:27:46 --> Cannot use object of type App\Models\ProductModel as array
#0 C:\Users\alulgans\Documents\Project\tokobunga\vendor\codeigniter4\framework\system\View\View.php(210): include()
#1 C:\Users\alulgans\Documents\Project\tokobunga\vendor\codeigniter4\framework\system\View\View.php(213): CodeIgniter\View\View->CodeIgniter\View\{closure}()
#2 C:\Users\alulgans\Documents\Project\tokobunga\vendor\codeigniter4\framework\system\Common.php(1089): CodeIgniter\View\View->render('indexPage', Array, true)
#3 C:\Users\alulgans\Documents\Project\tokobunga\App\Controllers\Home.php(23): view('indexPage', Array)
#4 C:\Users\alulgans\Documents\Project\tokobunga\vendor\codeigniter4\framework\system\CodeIgniter.php(832): App\Controllers\Home->index()
#5 C:\Users\alulgans\Documents\Project\tokobunga\vendor\codeigniter4\framework\system\CodeIgniter.php(419): CodeIgniter\CodeIgniter->runController(Object(App\Controllers\Home))
#6 C:\Users\alulgans\Documents\Project\tokobunga\vendor\codeigniter4\framework\system\CodeIgniter.php(326): CodeIgniter\CodeIgniter->handleRequest(NULL, Object(Config\Cache), false)
#7 C:\Users\alulgans\Documents\Project\tokobunga\public\index.php(37): CodeIgniter\CodeIgniter->run()
#8 C:\Users\alulgans\Documents\Project\tokobunga\vendor\codeigniter4\framework\system\Commands\Server\rewrite.php(43): require_once('C:\\Users\\alulga...')
#9 {main}
CRITICAL - 2023-11-21 14:27:52 --> Cannot use object of type App\Models\ProductModel as array
#0 C:\Users\alulgans\Documents\Project\tokobunga\vendor\codeigniter4\framework\system\View\View.php(210): include()
#1 C:\Users\alulgans\Documents\Project\tokobunga\vendor\codeigniter4\framework\system\View\View.php(213): CodeIgniter\View\View->CodeIgniter\View\{closure}()
#2 C:\Users\alulgans\Documents\Project\tokobunga\vendor\codeigniter4\framework\system\Common.php(1089): CodeIgniter\View\View->render('indexPage', Array, true)
#3 C:\Users\alulgans\Documents\Project\tokobunga\App\Controllers\Home.php(23): view('indexPage', Array)
#4 C:\Users\alulgans\Documents\Project\tokobunga\vendor\codeigniter4\framework\system\CodeIgniter.php(832): App\Controllers\Home->index()
#5 C:\Users\alulgans\Documents\Project\tokobunga\vendor\codeigniter4\framework\system\CodeIgniter.php(419): CodeIgniter\CodeIgniter->runController(Object(App\Controllers\Home))
#6 C:\Users\alulgans\Documents\Project\tokobunga\vendor\codeigniter4\framework\system\CodeIgniter.php(326): CodeIgniter\CodeIgniter->handleRequest(NULL, Object(Config\Cache), false)
#7 C:\Users\alulgans\Documents\Project\tokobunga\public\index.php(37): CodeIgniter\CodeIgniter->run()
#8 C:\Users\alulgans\Documents\Project\tokobunga\vendor\codeigniter4\framework\system\Commands\Server\rewrite.php(43): require_once('C:\\Users\\alulga...')
#9 {main}
CRITICAL - 2023-11-21 14:28:14 --> Undefined index: 
#0 C:\Users\alulgans\Documents\Project\tokobunga\App\Views\indexPage.php(167): CodeIgniter\Debug\Exceptions->errorHandler(8, 'Undefined index...', 'C:\\Users\\alulga...', 167, Array)
#1 C:\Users\alulgans\Documents\Project\tokobunga\vendor\codeigniter4\framework\system\View\View.php(210): include('C:\\Users\\alulga...')
#2 C:\Users\alulgans\Documents\Project\tokobunga\vendor\codeigniter4\framework\system\View\View.php(213): CodeIgniter\View\View->CodeIgniter\View\{closure}()
#3 C:\Users\alulgans\Documents\Project\tokobunga\vendor\codeigniter4\framework\system\Common.php(1089): CodeIgniter\View\View->render('indexPage', Array, true)
#4 C:\Users\alulgans\Documents\Project\tokobunga\App\Controllers\Home.php(23): view('indexPage', Array)
#5 C:\Users\alulgans\Documents\Project\tokobunga\vendor\codeigniter4\framework\system\CodeIgniter.php(832): App\Controllers\Home->index()
#6 C:\Users\alulgans\Documents\Project\tokobunga\vendor\codeigniter4\framework\system\CodeIgniter.php(419): CodeIgniter\CodeIgniter->runController(Object(App\Controllers\Home))
#7 C:\Users\alulgans\Documents\Project\tokobunga\vendor\codeigniter4\framework\system\CodeIgniter.php(326): CodeIgniter\CodeIgniter->handleRequest(NULL, Object(Config\Cache), false)
#8 C:\Users\alulgans\Documents\Project\tokobunga\public\index.php(37): CodeIgniter\CodeIgniter->run()
#9 C:\Users\alulgans\Documents\Project\tokobunga\vendor\codeigniter4\framework\system\Commands\Server\rewrite.php(43): require_once('C:\\Users\\alulga...')
#10 {main}
CRITICAL - 2023-11-21 14:29:34 --> Array to string conversion
#0 C:\Users\alulgans\Documents\Project\tokobunga\App\Views\indexPage.php(175): CodeIgniter\Debug\Exceptions->errorHandler(8, 'Array to string...', 'C:\\Users\\alulga...', 175, Array)
#1 C:\Users\alulgans\Documents\Project\tokobunga\vendor\codeigniter4\framework\system\View\View.php(210): include('C:\\Users\\alulga...')
#2 C:\Users\alulgans\Documents\Project\tokobunga\vendor\codeigniter4\framework\system\View\View.php(213): CodeIgniter\View\View->CodeIgniter\View\{closure}()
#3 C:\Users\alulgans\Documents\Project\tokobunga\vendor\codeigniter4\framework\system\Common.php(1089): CodeIgniter\View\View->render('indexPage', Array, true)
#4 C:\Users\alulgans\Documents\Project\tokobunga\App\Controllers\Home.php(23): view('indexPage', Array)
#5 C:\Users\alulgans\Documents\Project\tokobunga\vendor\codeigniter4\framework\system\CodeIgniter.php(832): App\Controllers\Home->index()
#6 C:\Users\alulgans\Documents\Project\tokobunga\vendor\codeigniter4\framework\system\CodeIgniter.php(419): CodeIgniter\CodeIgniter->runController(Object(App\Controllers\Home))
#7 C:\Users\alulgans\Documents\Project\tokobunga\vendor\codeigniter4\framework\system\CodeIgniter.php(326): CodeIgniter\CodeIgniter->handleRequest(NULL, Object(Config\Cache), false)
#8 C:\Users\alulgans\Documents\Project\tokobunga\public\index.php(37): CodeIgniter\CodeIgniter->run()
#9 C:\Users\alulgans\Documents\Project\tokobunga\vendor\codeigniter4\framework\system\Commands\Server\rewrite.php(43): require_once('C:\\Users\\alulga...')
#10 {main}
CRITICAL - 2023-11-21 14:29:48 --> Array to string conversion
#0 C:\Users\alulgans\Documents\Project\tokobunga\App\Views\indexPage.php(175): CodeIgniter\Debug\Exceptions->errorHandler(8, 'Array to string...', 'C:\\Users\\alulga...', 175, Array)
#1 C:\Users\alulgans\Documents\Project\tokobunga\vendor\codeigniter4\framework\system\View\View.php(210): include('C:\\Users\\alulga...')
#2 C:\Users\alulgans\Documents\Project\tokobunga\vendor\codeigniter4\framework\system\View\View.php(213): CodeIgniter\View\View->CodeIgniter\View\{closure}()
#3 C:\Users\alulgans\Documents\Project\tokobunga\vendor\codeigniter4\framework\system\Common.php(1089): CodeIgniter\View\View->render('indexPage', Array, true)
#4 C:\Users\alulgans\Documents\Project\tokobunga\App\Controllers\Home.php(23): view('indexPage', Array)
#5 C:\Users\alulgans\Documents\Project\tokobunga\vendor\codeigniter4\framework\system\CodeIgniter.php(832): App\Controllers\Home->index()
#6 C:\Users\alulgans\Documents\Project\tokobunga\vendor\codeigniter4\framework\system\CodeIgniter.php(419): CodeIgniter\CodeIgniter->runController(Object(App\Controllers\Home))
#7 C:\Users\alulgans\Documents\Project\tokobunga\vendor\codeigniter4\framework\system\CodeIgniter.php(326): CodeIgniter\CodeIgniter->handleRequest(NULL, Object(Config\Cache), false)
#8 C:\Users\alulgans\Documents\Project\tokobunga\public\index.php(37): CodeIgniter\CodeIgniter->run()
#9 C:\Users\alulgans\Documents\Project\tokobunga\vendor\codeigniter4\framework\system\Commands\Server\rewrite.php(43): require_once('C:\\Users\\alulga...')
#10 {main}
CRITICAL - 2023-11-21 14:39:26 --> Trying to access array offset on value of type null
#0 C:\Users\alulgans\Documents\Project\tokobunga\App\Views\indexPage.php(184): CodeIgniter\Debug\Exceptions->errorHandler(8, 'Trying to acces...', 'C:\\Users\\alulga...', 184, Array)
#1 C:\Users\alulgans\Documents\Project\tokobunga\vendor\codeigniter4\framework\system\View\View.php(210): include('C:\\Users\\alulga...')
#2 C:\Users\alulgans\Documents\Project\tokobunga\vendor\codeigniter4\framework\system\View\View.php(213): CodeIgniter\View\View->CodeIgniter\View\{closure}()
#3 C:\Users\alulgans\Documents\Project\tokobunga\vendor\codeigniter4\framework\system\Common.php(1089): CodeIgniter\View\View->render('indexPage', Array, true)
#4 C:\Users\alulgans\Documents\Project\tokobunga\App\Controllers\Home.php(23): view('indexPage', Array)
#5 C:\Users\alulgans\Documents\Project\tokobunga\vendor\codeigniter4\framework\system\CodeIgniter.php(832): App\Controllers\Home->index()
#6 C:\Users\alulgans\Documents\Project\tokobunga\vendor\codeigniter4\framework\system\CodeIgniter.php(419): CodeIgniter\CodeIgniter->runController(Object(App\Controllers\Home))
#7 C:\Users\alulgans\Documents\Project\tokobunga\vendor\codeigniter4\framework\system\CodeIgniter.php(326): CodeIgniter\CodeIgniter->handleRequest(NULL, Object(Config\Cache), false)
#8 C:\Users\alulgans\Documents\Project\tokobunga\public\index.php(37): CodeIgniter\CodeIgniter->run()
#9 C:\Users\alulgans\Documents\Project\tokobunga\vendor\codeigniter4\framework\system\Commands\Server\rewrite.php(43): require_once('C:\\Users\\alulga...')
#10 {main}
CRITICAL - 2023-11-21 14:45:12 --> Trying to access array offset on value of type null
#0 C:\Users\alulgans\Documents\Project\tokobunga\App\Views\indexPage.php(173): CodeIgniter\Debug\Exceptions->errorHandler(8, 'Trying to acces...', 'C:\\Users\\alulga...', 173, Array)
#1 C:\Users\alulgans\Documents\Project\tokobunga\vendor\codeigniter4\framework\system\View\View.php(210): include('C:\\Users\\alulga...')
#2 C:\Users\alulgans\Documents\Project\tokobunga\vendor\codeigniter4\framework\system\View\View.php(213): CodeIgniter\View\View->CodeIgniter\View\{closure}()
#3 C:\Users\alulgans\Documents\Project\tokobunga\vendor\codeigniter4\framework\system\Common.php(1089): CodeIgniter\View\View->render('indexPage', Array, true)
#4 C:\Users\alulgans\Documents\Project\tokobunga\App\Controllers\Home.php(23): view('indexPage', Array)
#5 C:\Users\alulgans\Documents\Project\tokobunga\vendor\codeigniter4\framework\system\CodeIgniter.php(832): App\Controllers\Home->index()
#6 C:\Users\alulgans\Documents\Project\tokobunga\vendor\codeigniter4\framework\system\CodeIgniter.php(419): CodeIgniter\CodeIgniter->runController(Object(App\Controllers\Home))
#7 C:\Users\alulgans\Documents\Project\tokobunga\vendor\codeigniter4\framework\system\CodeIgniter.php(326): CodeIgniter\CodeIgniter->handleRequest(NULL, Object(Config\Cache), false)
#8 C:\Users\alulgans\Documents\Project\tokobunga\public\index.php(37): CodeIgniter\CodeIgniter->run()
#9 C:\Users\alulgans\Documents\Project\tokobunga\vendor\codeigniter4\framework\system\Commands\Server\rewrite.php(43): require_once('C:\\Users\\alulga...')
#10 {main}
CRITICAL - 2023-11-21 14:46:19 --> Undefined index: discount_percentage
#0 C:\Users\alulgans\Documents\Project\tokobunga\App\Views\indexPage.php(174): CodeIgniter\Debug\Exceptions->errorHandler(8, 'Undefined index...', 'C:\\Users\\alulga...', 174, Array)
#1 C:\Users\alulgans\Documents\Project\tokobunga\vendor\codeigniter4\framework\system\View\View.php(210): include('C:\\Users\\alulga...')
#2 C:\Users\alulgans\Documents\Project\tokobunga\vendor\codeigniter4\framework\system\View\View.php(213): CodeIgniter\View\View->CodeIgniter\View\{closure}()
#3 C:\Users\alulgans\Documents\Project\tokobunga\vendor\codeigniter4\framework\system\Common.php(1089): CodeIgniter\View\View->render('indexPage', Array, true)
#4 C:\Users\alulgans\Documents\Project\tokobunga\App\Controllers\Home.php(23): view('indexPage', Array)
#5 C:\Users\alulgans\Documents\Project\tokobunga\vendor\codeigniter4\framework\system\CodeIgniter.php(832): App\Controllers\Home->index()
#6 C:\Users\alulgans\Documents\Project\tokobunga\vendor\codeigniter4\framework\system\CodeIgniter.php(419): CodeIgniter\CodeIgniter->runController(Object(App\Controllers\Home))
#7 C:\Users\alulgans\Documents\Project\tokobunga\vendor\codeigniter4\framework\system\CodeIgniter.php(326): CodeIgniter\CodeIgniter->handleRequest(NULL, Object(Config\Cache), false)
#8 C:\Users\alulgans\Documents\Project\tokobunga\public\index.php(37): CodeIgniter\CodeIgniter->run()
#9 C:\Users\alulgans\Documents\Project\tokobunga\vendor\codeigniter4\framework\system\Commands\Server\rewrite.php(43): require_once('C:\\Users\\alulga...')
#10 {main}
CRITICAL - 2023-11-21 14:46:31 --> Undefined index: discount_percentage
#0 C:\Users\alulgans\Documents\Project\tokobunga\App\Views\indexPage.php(174): CodeIgniter\Debug\Exceptions->errorHandler(8, 'Undefined index...', 'C:\\Users\\alulga...', 174, Array)
#1 C:\Users\alulgans\Documents\Project\tokobunga\vendor\codeigniter4\framework\system\View\View.php(210): include('C:\\Users\\alulga...')
#2 C:\Users\alulgans\Documents\Project\tokobunga\vendor\codeigniter4\framework\system\View\View.php(213): CodeIgniter\View\View->CodeIgniter\View\{closure}()
#3 C:\Users\alulgans\Documents\Project\tokobunga\vendor\codeigniter4\framework\system\Common.php(1089): CodeIgniter\View\View->render('indexPage', Array, true)
#4 C:\Users\alulgans\Documents\Project\tokobunga\App\Controllers\Home.php(23): view('indexPage', Array)
#5 C:\Users\alulgans\Documents\Project\tokobunga\vendor\codeigniter4\framework\system\CodeIgniter.php(832): App\Controllers\Home->index()
#6 C:\Users\alulgans\Documents\Project\tokobunga\vendor\codeigniter4\framework\system\CodeIgniter.php(419): CodeIgniter\CodeIgniter->runController(Object(App\Controllers\Home))
#7 C:\Users\alulgans\Documents\Project\tokobunga\vendor\codeigniter4\framework\system\CodeIgniter.php(326): CodeIgniter\CodeIgniter->handleRequest(NULL, Object(Config\Cache), false)
#8 C:\Users\alulgans\Documents\Project\tokobunga\public\index.php(37): CodeIgniter\CodeIgniter->run()
#9 C:\Users\alulgans\Documents\Project\tokobunga\vendor\codeigniter4\framework\system\Commands\Server\rewrite.php(43): require_once('C:\\Users\\alulga...')
#10 {main}
CRITICAL - 2023-11-21 14:47:24 --> Undefined index: discount_percentage
#0 C:\Users\alulgans\Documents\Project\tokobunga\App\Views\indexPage.php(174): CodeIgniter\Debug\Exceptions->errorHandler(8, 'Undefined index...', 'C:\\Users\\alulga...', 174, Array)
#1 C:\Users\alulgans\Documents\Project\tokobunga\vendor\codeigniter4\framework\system\View\View.php(210): include('C:\\Users\\alulga...')
#2 C:\Users\alulgans\Documents\Project\tokobunga\vendor\codeigniter4\framework\system\View\View.php(213): CodeIgniter\View\View->CodeIgniter\View\{closure}()
#3 C:\Users\alulgans\Documents\Project\tokobunga\vendor\codeigniter4\framework\system\Common.php(1089): CodeIgniter\View\View->render('indexPage', Array, true)
#4 C:\Users\alulgans\Documents\Project\tokobunga\App\Controllers\Home.php(23): view('indexPage', Array)
#5 C:\Users\alulgans\Documents\Project\tokobunga\vendor\codeigniter4\framework\system\CodeIgniter.php(832): App\Controllers\Home->index()
#6 C:\Users\alulgans\Documents\Project\tokobunga\vendor\codeigniter4\framework\system\CodeIgniter.php(419): CodeIgniter\CodeIgniter->runController(Object(App\Controllers\Home))
#7 C:\Users\alulgans\Documents\Project\tokobunga\vendor\codeigniter4\framework\system\CodeIgniter.php(326): CodeIgniter\CodeIgniter->handleRequest(NULL, Object(Config\Cache), false)
#8 C:\Users\alulgans\Documents\Project\tokobunga\public\index.php(37): CodeIgniter\CodeIgniter->run()
#9 C:\Users\alulgans\Documents\Project\tokobunga\vendor\codeigniter4\framework\system\Commands\Server\rewrite.php(43): require_once('C:\\Users\\alulga...')
#10 {main}
CRITICAL - 2023-11-21 15:02:53 --> Trying to access array offset on value of type null
#0 C:\Users\alulgans\Documents\Project\tokobunga\App\Views\product\viewProduct.php(204): CodeIgniter\Debug\Exceptions->errorHandler(8, 'Trying to acces...', 'C:\\Users\\alulga...', 204, Array)
#1 C:\Users\alulgans\Documents\Project\tokobunga\vendor\codeigniter4\framework\system\View\View.php(210): include('C:\\Users\\alulga...')
#2 C:\Users\alulgans\Documents\Project\tokobunga\vendor\codeigniter4\framework\system\View\View.php(213): CodeIgniter\View\View->CodeIgniter\View\{closure}()
#3 C:\Users\alulgans\Documents\Project\tokobunga\vendor\codeigniter4\framework\system\Common.php(1089): CodeIgniter\View\View->render('product/viewPro...', Array, true)
#4 C:\Users\alulgans\Documents\Project\tokobunga\App\Controllers\Home.php(64): view('product/viewPro...', Array)
#5 C:\Users\alulgans\Documents\Project\tokobunga\vendor\codeigniter4\framework\system\CodeIgniter.php(832): App\Controllers\Home->product('1')
#6 C:\Users\alulgans\Documents\Project\tokobunga\vendor\codeigniter4\framework\system\CodeIgniter.php(419): CodeIgniter\CodeIgniter->runController(Object(App\Controllers\Home))
#7 C:\Users\alulgans\Documents\Project\tokobunga\vendor\codeigniter4\framework\system\CodeIgniter.php(326): CodeIgniter\CodeIgniter->handleRequest(NULL, Object(Config\Cache), false)
#8 C:\Users\alulgans\Documents\Project\tokobunga\public\index.php(37): CodeIgniter\CodeIgniter->run()
#9 C:\Users\alulgans\Documents\Project\tokobunga\vendor\codeigniter4\framework\system\Commands\Server\rewrite.php(43): require_once('C:\\Users\\alulga...')
#10 {main}
CRITICAL - 2023-11-21 15:10:01 --> Undefined variable: oldPrice
#0 C:\Users\alulgans\Documents\Project\tokobunga\App\Views\product\viewProduct.php(223): CodeIgniter\Debug\Exceptions->errorHandler(8, 'Undefined varia...', 'C:\\Users\\alulga...', 223, Array)
#1 C:\Users\alulgans\Documents\Project\tokobunga\vendor\codeigniter4\framework\system\View\View.php(210): include('C:\\Users\\alulga...')
#2 C:\Users\alulgans\Documents\Project\tokobunga\vendor\codeigniter4\framework\system\View\View.php(213): CodeIgniter\View\View->CodeIgniter\View\{closure}()
#3 C:\Users\alulgans\Documents\Project\tokobunga\vendor\codeigniter4\framework\system\Common.php(1089): CodeIgniter\View\View->render('product/viewPro...', Array, true)
#4 C:\Users\alulgans\Documents\Project\tokobunga\App\Controllers\Home.php(64): view('product/viewPro...', Array)
#5 C:\Users\alulgans\Documents\Project\tokobunga\vendor\codeigniter4\framework\system\CodeIgniter.php(832): App\Controllers\Home->product('3')
#6 C:\Users\alulgans\Documents\Project\tokobunga\vendor\codeigniter4\framework\system\CodeIgniter.php(419): CodeIgniter\CodeIgniter->runController(Object(App\Controllers\Home))
#7 C:\Users\alulgans\Documents\Project\tokobunga\vendor\codeigniter4\framework\system\CodeIgniter.php(326): CodeIgniter\CodeIgniter->handleRequest(NULL, Object(Config\Cache), false)
#8 C:\Users\alulgans\Documents\Project\tokobunga\public\index.php(37): CodeIgniter\CodeIgniter->run()
#9 C:\Users\alulgans\Documents\Project\tokobunga\vendor\codeigniter4\framework\system\Commands\Server\rewrite.php(43): require_once('C:\\Users\\alulga...')
#10 {main}
CRITICAL - 2023-11-21 15:12:13 --> Undefined index: product_id
#0 C:\Users\alulgans\Documents\Project\tokobunga\App\Views\indexPage.php(201): CodeIgniter\Debug\Exceptions->errorHandler(8, 'Undefined index...', 'C:\\Users\\alulga...', 201, Array)
#1 C:\Users\alulgans\Documents\Project\tokobunga\vendor\codeigniter4\framework\system\View\View.php(210): include('C:\\Users\\alulga...')
#2 C:\Users\alulgans\Documents\Project\tokobunga\vendor\codeigniter4\framework\system\View\View.php(213): CodeIgniter\View\View->CodeIgniter\View\{closure}()
#3 C:\Users\alulgans\Documents\Project\tokobunga\vendor\codeigniter4\framework\system\Common.php(1089): CodeIgniter\View\View->render('indexPage', Array, true)
#4 C:\Users\alulgans\Documents\Project\tokobunga\App\Controllers\Home.php(23): view('indexPage', Array)
#5 C:\Users\alulgans\Documents\Project\tokobunga\vendor\codeigniter4\framework\system\CodeIgniter.php(832): App\Controllers\Home->index()
#6 C:\Users\alulgans\Documents\Project\tokobunga\vendor\codeigniter4\framework\system\CodeIgniter.php(419): CodeIgniter\CodeIgniter->runController(Object(App\Controllers\Home))
#7 C:\Users\alulgans\Documents\Project\tokobunga\vendor\codeigniter4\framework\system\CodeIgniter.php(326): CodeIgniter\CodeIgniter->handleRequest(NULL, Object(Config\Cache), false)
#8 C:\Users\alulgans\Documents\Project\tokobunga\public\index.php(37): CodeIgniter\CodeIgniter->run()
#9 C:\Users\alulgans\Documents\Project\tokobunga\vendor\codeigniter4\framework\system\Commands\Server\rewrite.php(43): require_once('C:\\Users\\alulga...')
#10 {main}
