CRITICAL - 2022-04-19 07:28:38 --> syntax error, unexpected '<<' (T_SL), expecting end of file
#0 C:\Project\Web\tokobunga\vendor\codeigniter4\framework\system\Autoloader\Autoloader.php(241): CodeIgniter\Autoloader\Autoloader->includeFile('C:\\Project\\Web\\...')
#1 C:\Project\Web\tokobunga\vendor\codeigniter4\framework\system\Autoloader\Autoloader.php(219): CodeIgniter\Autoloader\Autoloader->loadInNamespace('App\\Controllers...')
#2 [internal function]: CodeIgniter\Autoloader\Autoloader->loadClass('App\\Controllers...')
#3 [internal function]: spl_autoload_call('App\\Controllers...')
#4 C:\Project\Web\tokobunga\vendor\codeigniter4\framework\system\CodeIgniter.php(797): class_exists('\\App\\Controller...', true)
#5 C:\Project\Web\tokobunga\vendor\codeigniter4\framework\system\CodeIgniter.php(406): CodeIgniter\CodeIgniter->startController()
#6 C:\Project\Web\tokobunga\vendor\codeigniter4\framework\system\CodeIgniter.php(326): CodeIgniter\CodeIgniter->handleRequest(NULL, Object(Config\Cache), false)
#7 C:\Project\Web\tokobunga\public\index.php(37): CodeIgniter\CodeIgniter->run()
#8 C:\Project\Web\tokobunga\vendor\codeigniter4\framework\system\Commands\Server\rewrite.php(43): require_once('C:\\Project\\Web\\...')
#9 {main}
CRITICAL - 2022-04-19 07:28:40 --> syntax error, unexpected '<<' (T_SL), expecting end of file
#0 C:\Project\Web\tokobunga\vendor\codeigniter4\framework\system\Autoloader\Autoloader.php(241): CodeIgniter\Autoloader\Autoloader->includeFile('C:\\Project\\Web\\...')
#1 C:\Project\Web\tokobunga\vendor\codeigniter4\framework\system\Autoloader\Autoloader.php(219): CodeIgniter\Autoloader\Autoloader->loadInNamespace('App\\Controllers...')
#2 [internal function]: CodeIgniter\Autoloader\Autoloader->loadClass('App\\Controllers...')
#3 [internal function]: spl_autoload_call('App\\Controllers...')
#4 C:\Project\Web\tokobunga\vendor\codeigniter4\framework\system\CodeIgniter.php(797): class_exists('\\App\\Controller...', true)
#5 C:\Project\Web\tokobunga\vendor\codeigniter4\framework\system\CodeIgniter.php(406): CodeIgniter\CodeIgniter->startController()
#6 C:\Project\Web\tokobunga\vendor\codeigniter4\framework\system\CodeIgniter.php(326): CodeIgniter\CodeIgniter->handleRequest(NULL, Object(Config\Cache), false)
#7 C:\Project\Web\tokobunga\public\index.php(37): CodeIgniter\CodeIgniter->run()
#8 C:\Project\Web\tokobunga\vendor\codeigniter4\framework\system\Commands\Server\rewrite.php(43): require_once('C:\\Project\\Web\\...')
#9 {main}
CRITICAL - 2022-04-19 07:29:00 --> syntax error, unexpected '<<' (T_SL), expecting end of file
#0 C:\Project\Web\tokobunga\vendor\codeigniter4\framework\system\Autoloader\Autoloader.php(241): CodeIgniter\Autoloader\Autoloader->includeFile('C:\\Project\\Web\\...')
#1 C:\Project\Web\tokobunga\vendor\codeigniter4\framework\system\Autoloader\Autoloader.php(219): CodeIgniter\Autoloader\Autoloader->loadInNamespace('App\\Controllers...')
#2 [internal function]: CodeIgniter\Autoloader\Autoloader->loadClass('App\\Controllers...')
#3 [internal function]: spl_autoload_call('App\\Controllers...')
#4 C:\Project\Web\tokobunga\vendor\codeigniter4\framework\system\CodeIgniter.php(797): class_exists('\\App\\Controller...', true)
#5 C:\Project\Web\tokobunga\vendor\codeigniter4\framework\system\CodeIgniter.php(406): CodeIgniter\CodeIgniter->startController()
#6 C:\Project\Web\tokobunga\vendor\codeigniter4\framework\system\CodeIgniter.php(326): CodeIgniter\CodeIgniter->handleRequest(NULL, Object(Config\Cache), false)
#7 C:\Project\Web\tokobunga\public\index.php(37): CodeIgniter\CodeIgniter->run()
#8 C:\Project\Web\tokobunga\vendor\codeigniter4\framework\system\Commands\Server\rewrite.php(43): require_once('C:\\Project\\Web\\...')
#9 {main}
