ERROR - 2022-04-17 08:48:37 --> Unknown column 'a' in 'where clause'
CRITICAL - 2022-04-17 08:48:37 --> Call to a member function getResult() on bool
#0 C:\Project\Web\tokobunga\vendor\codeigniter4\framework\system\BaseModel.php(584): CodeIgniter\Model->doFindAll(0, 0)
#1 C:\Project\Web\tokobunga\app\Controllers\Home.php(44): CodeIgniter\BaseModel->findAll()
#2 C:\Project\Web\tokobunga\vendor\codeigniter4\framework\system\CodeIgniter.php(832): App\Controllers\Home->get_product_data('a')
#3 C:\Project\Web\tokobunga\vendor\codeigniter4\framework\system\CodeIgniter.php(419): CodeIgniter\CodeIgniter->runController(Object(App\Controllers\Home))
#4 C:\Project\Web\tokobunga\vendor\codeigniter4\framework\system\CodeIgniter.php(326): CodeIgniter\CodeIgniter->handleRequest(NULL, Object(Config\Cache), false)
#5 C:\Project\Web\tokobunga\public\index.php(37): CodeIgniter\CodeIgniter->run()
#6 C:\Project\Web\tokobunga\vendor\codeigniter4\framework\system\Commands\Server\rewrite.php(43): require_once('C:\\Project\\Web\\...')
#7 {main}
ERROR - 2022-04-17 08:48:57 --> Unknown column 'a' in 'where clause'
CRITICAL - 2022-04-17 08:48:57 --> Unknown column 'a' in 'where clause'
#0 C:\Project\Web\tokobunga\vendor\codeigniter4\framework\system\Database\MySQLi\Connection.php(292): mysqli->query('SELECT *\nFROM `...', 0)
#1 C:\Project\Web\tokobunga\vendor\codeigniter4\framework\system\Database\BaseConnection.php(670): CodeIgniter\Database\MySQLi\Connection->execute('SELECT *\nFROM `...')
#2 C:\Project\Web\tokobunga\vendor\codeigniter4\framework\system\Database\BaseConnection.php(598): CodeIgniter\Database\BaseConnection->simpleQuery('SELECT *\nFROM `...')
#3 C:\Project\Web\tokobunga\vendor\codeigniter4\framework\system\Database\BaseBuilder.php(1455): CodeIgniter\Database\BaseConnection->query('SELECT *\nFROM `...', Array, false)
#4 C:\Project\Web\tokobunga\vendor\codeigniter4\framework\system\Model.php(183): CodeIgniter\Database\BaseBuilder->get()
#5 C:\Project\Web\tokobunga\vendor\codeigniter4\framework\system\BaseModel.php(584): CodeIgniter\Model->doFindAll(0, 0)
#6 C:\Project\Web\tokobunga\app\Controllers\Home.php(44): CodeIgniter\BaseModel->findAll()
#7 C:\Project\Web\tokobunga\vendor\codeigniter4\framework\system\CodeIgniter.php(832): App\Controllers\Home->get_product_data('a')
#8 C:\Project\Web\tokobunga\vendor\codeigniter4\framework\system\CodeIgniter.php(419): CodeIgniter\CodeIgniter->runController(Object(App\Controllers\Home))
#9 C:\Project\Web\tokobunga\vendor\codeigniter4\framework\system\CodeIgniter.php(326): CodeIgniter\CodeIgniter->handleRequest(NULL, Object(Config\Cache), false)
#10 C:\Project\Web\tokobunga\public\index.php(37): CodeIgniter\CodeIgniter->run()
#11 C:\Project\Web\tokobunga\vendor\codeigniter4\framework\system\Commands\Server\rewrite.php(43): require_once('C:\\Project\\Web\\...')
#12 {main}
CRITICAL - 2022-04-17 09:09:20 --> file_get_contents(http://localhost:8080/get-data-product): failed to open stream: HTTP request failed!
#0 [internal function]: CodeIgniter\Debug\Exceptions->errorHandler(2, 'file_get_conten...', 'C:\\Project\\Web\\...', 82, Array)
#1 C:\Project\Web\tokobunga\app\Views\product.php(82): file_get_contents('http://localhos...')
#2 C:\Project\Web\tokobunga\vendor\codeigniter4\framework\system\View\View.php(210): include('C:\\Project\\Web\\...')
#3 C:\Project\Web\tokobunga\vendor\codeigniter4\framework\system\View\View.php(213): CodeIgniter\View\View->CodeIgniter\View\{closure}()
#4 C:\Project\Web\tokobunga\vendor\codeigniter4\framework\system\Common.php(1089): CodeIgniter\View\View->render('product', Array, true)
#5 C:\Project\Web\tokobunga\app\Controllers\Home.php(32): view('product', Array)
#6 C:\Project\Web\tokobunga\vendor\codeigniter4\framework\system\CodeIgniter.php(832): App\Controllers\Home->product()
#7 C:\Project\Web\tokobunga\vendor\codeigniter4\framework\system\CodeIgniter.php(419): CodeIgniter\CodeIgniter->runController(Object(App\Controllers\Home))
#8 C:\Project\Web\tokobunga\vendor\codeigniter4\framework\system\CodeIgniter.php(326): CodeIgniter\CodeIgniter->handleRequest(NULL, Object(Config\Cache), false)
#9 C:\Project\Web\tokobunga\public\index.php(37): CodeIgniter\CodeIgniter->run()
#10 C:\Project\Web\tokobunga\vendor\codeigniter4\framework\system\Commands\Server\rewrite.php(43): require_once('C:\\Project\\Web\\...')
#11 {main}
CRITICAL - 2022-04-17 09:10:21 --> Maximum execution time of 60 seconds exceeded
#0 [internal function]: CodeIgniter\Debug\Exceptions->shutdownHandler()
#1 {main}
CRITICAL - 2022-04-17 09:11:21 --> Maximum execution time of 60 seconds exceeded
#0 [internal function]: CodeIgniter\Debug\Exceptions->shutdownHandler()
#1 {main}
CRITICAL - 2022-04-17 09:12:48 --> Maximum execution time of 60 seconds exceeded
#0 [internal function]: CodeIgniter\Debug\Exceptions->shutdownHandler()
#1 {main}
CRITICAL - 2022-04-17 09:39:05 --> Undefined variable: title
#0 C:\Project\Web\tokobunga\app\Views\product.php(8): CodeIgniter\Debug\Exceptions->errorHandler(8, 'Undefined varia...', 'C:\\Project\\Web\\...', 8, Array)
#1 C:\Project\Web\tokobunga\vendor\codeigniter4\framework\system\View\View.php(210): include('C:\\Project\\Web\\...')
#2 C:\Project\Web\tokobunga\vendor\codeigniter4\framework\system\View\View.php(213): CodeIgniter\View\View->CodeIgniter\View\{closure}()
#3 C:\Project\Web\tokobunga\vendor\codeigniter4\framework\system\Common.php(1089): CodeIgniter\View\View->render('product', Array, true)
#4 C:\Project\Web\tokobunga\app\Controllers\Home.php(52): view('product', Array)
#5 C:\Project\Web\tokobunga\vendor\codeigniter4\framework\system\CodeIgniter.php(832): App\Controllers\Home->product()
#6 C:\Project\Web\tokobunga\vendor\codeigniter4\framework\system\CodeIgniter.php(419): CodeIgniter\CodeIgniter->runController(Object(App\Controllers\Home))
#7 C:\Project\Web\tokobunga\vendor\codeigniter4\framework\system\CodeIgniter.php(326): CodeIgniter\CodeIgniter->handleRequest(NULL, Object(Config\Cache), false)
#8 C:\Project\Web\tokobunga\public\index.php(37): CodeIgniter\CodeIgniter->run()
#9 C:\Project\Web\tokobunga\vendor\codeigniter4\framework\system\Commands\Server\rewrite.php(43): require_once('C:\\Project\\Web\\...')
#10 {main}
CRITICAL - 2022-04-17 09:39:33 --> Undefined variable: categories
#0 C:\Project\Web\tokobunga\app\Views\product.php(122): CodeIgniter\Debug\Exceptions->errorHandler(8, 'Undefined varia...', 'C:\\Project\\Web\\...', 122, Array)
#1 C:\Project\Web\tokobunga\vendor\codeigniter4\framework\system\View\View.php(210): include('C:\\Project\\Web\\...')
#2 C:\Project\Web\tokobunga\vendor\codeigniter4\framework\system\View\View.php(213): CodeIgniter\View\View->CodeIgniter\View\{closure}()
#3 C:\Project\Web\tokobunga\vendor\codeigniter4\framework\system\Common.php(1089): CodeIgniter\View\View->render('product', Array, true)
#4 C:\Project\Web\tokobunga\app\Controllers\Home.php(53): view('product', Array)
#5 C:\Project\Web\tokobunga\vendor\codeigniter4\framework\system\CodeIgniter.php(832): App\Controllers\Home->product()
#6 C:\Project\Web\tokobunga\vendor\codeigniter4\framework\system\CodeIgniter.php(419): CodeIgniter\CodeIgniter->runController(Object(App\Controllers\Home))
#7 C:\Project\Web\tokobunga\vendor\codeigniter4\framework\system\CodeIgniter.php(326): CodeIgniter\CodeIgniter->handleRequest(NULL, Object(Config\Cache), false)
#8 C:\Project\Web\tokobunga\public\index.php(37): CodeIgniter\CodeIgniter->run()
#9 C:\Project\Web\tokobunga\vendor\codeigniter4\framework\system\Commands\Server\rewrite.php(43): require_once('C:\\Project\\Web\\...')
#10 {main}
ERROR - 2022-04-17 15:55:13 --> Error connecting to the database: No connection could be made because the target machine actively refused it.

CRITICAL - 2022-04-17 15:55:13 --> Unable to connect to the database.
Main connection [MySQLi]: No connection could be made because the target machine actively refused it.

#0 C:\Project\Web\tokobunga\vendor\codeigniter4\framework\system\Database\BaseConnection.php(577): CodeIgniter\Database\BaseConnection->initialize()
#1 C:\Project\Web\tokobunga\vendor\codeigniter4\framework\system\Database\BaseBuilder.php(1455): CodeIgniter\Database\BaseConnection->query('SELECT *\nFROM `...', Array, false)
#2 C:\Project\Web\tokobunga\vendor\codeigniter4\framework\system\Model.php(183): CodeIgniter\Database\BaseBuilder->get()
#3 C:\Project\Web\tokobunga\vendor\codeigniter4\framework\system\BaseModel.php(584): CodeIgniter\Model->doFindAll(6, 0)
#4 C:\Project\Web\tokobunga\app\Controllers\Home.php(18): CodeIgniter\BaseModel->findAll(6)
#5 C:\Project\Web\tokobunga\vendor\codeigniter4\framework\system\CodeIgniter.php(832): App\Controllers\Home->index()
#6 C:\Project\Web\tokobunga\vendor\codeigniter4\framework\system\CodeIgniter.php(419): CodeIgniter\CodeIgniter->runController(Object(App\Controllers\Home))
#7 C:\Project\Web\tokobunga\vendor\codeigniter4\framework\system\CodeIgniter.php(326): CodeIgniter\CodeIgniter->handleRequest(NULL, Object(Config\Cache), false)
#8 C:\Project\Web\tokobunga\public\index.php(37): CodeIgniter\CodeIgniter->run()
#9 C:\Project\Web\tokobunga\vendor\codeigniter4\framework\system\Commands\Server\rewrite.php(43): require_once('C:\\Project\\Web\\...')
#10 {main}
